<?xml version="1.0" encoding="UTF-8"?>
<!-- Generated by org.testng.reporters.JUnitReportReporter -->
<testsuite skipped="0" hostname="DESKTOP-17JJ3GD" name="testngPriority" tests="3" failures="0" timestamp="6 Oct 2020 10:57:58 GMT" time="0.058" errors="0">
  <testcase name="ts1" time="0.006" classname="testngPriority"/>
  <testcase name="ts3" time="0.042" classname="testngPriority"/>
  <testcase name="ts2" time="0.010" classname="testngPriority"/>
</testsuite> <!-- testngPriority -->
